22:45:24.469 [com.intuit.karate.cli.Main.main()] INFO  com.intuit.karate - Karate version: 1.0.1
22:45:24.604 [com.intuit.karate.cli.Main.main()] DEBUG com.intuit.karate.Suite - [config] classpath:karate-config.js
22:45:25.181 [com.intuit.karate.cli.Main.main()] INFO  com.intuit.karate - karate.env system property was: null 
22:45:25.341 [com.intuit.karate.cli.Main.main()] DEBUG com.intuit.karate - request:
1 > POST https://conduit.productionready.io/api/users/login
1 > Content-Type: application/json; charset=UTF-8
1 > Content-Length: 54
1 > Host: conduit.productionready.io
1 > Connection: Keep-Alive
1 > User-Agent: Apache-HttpClient/4.5.13 (Java/15.0.2)
1 > Accept-Encoding: gzip,deflate
{"user":{"password":"Karate@1","email":"test@gs.com"}}

22:45:25.978 [com.intuit.karate.cli.Main.main()] DEBUG com.intuit.karate - response time in milliseconds: 623
1 < 200
1 < Date: Wed, 28 Apr 2021 21:45:25 GMT
1 < Content-Type: application/json; charset=utf-8
1 < Transfer-Encoding: chunked
1 < Connection: keep-alive
1 < Cache-Control: max-age=0, private, must-revalidate
1 < ETag: W/"f5d8d2792362e35123e8543c6442627b"
1 < Status: 200 OK
1 < Vary: Origin
1 < X-Content-Type-Options: nosniff
1 < X-Frame-Options: SAMEORIGIN
1 < X-Powered-By: Phusion Passenger 4.0.60
1 < X-Request-Id: 71198b7f-b5f4-4e2d-a296-776a70608290
1 < X-Runtime: 0.086073
1 < X-XSS-Protection: 1; mode=block
1 < CF-Cache-Status: DYNAMIC
1 < cf-request-id: 09bc0abaaf000042382e922000000001
1 < Expect-CT: max-age=604800, report-uri="https://report-uri.cloudflare.com/cdn-cgi/beacon/expect-ct"
1 < Report-To: {"group":"cf-nel","endpoints":[{"url":"https:\/\/a.nel.cloudflare.com\/report?s=v5Q3lhLhGdiaW%2BBFSqWEV8W9YHAS2GSw5PE6dZQrO5ta47GpeKCGI0IsVcnuKra9ALINOtoLOyRc6R7zntiE%2BCrPKjL0%2F3L8cKVnK%2FIp3YWY8U0y6LGO29Ii9A%3D%3D"}],"max_age":604800}
1 < NEL: {"report_to":"cf-nel","max_age":604800}
1 < Server: cloudflare
1 < CF-RAY: 64737a3dee834238-LHR
1 < alt-svc: h3-27=":443"; ma=86400, h3-28=":443"; ma=86400, h3-29=":443"; ma=86400
1 < Set-Cookie: __cfduid=dc510fceadcf79f361851cceb73ec8e801619646325; Max-Age=1622238325000; Expires=Sat, 05 Jan 53428 10:42:05 GMT; Domain=productionready.io
{"user":{"createdAt":"2021-04-28T21:19:17.642Z","image":null,"bio":null,"id":166035,"email":"test@gs.com","updatedAt":"2021-04-28T21:19:17.648Z","username":"sunnyt135","token":"eyJ0eXAiOiJKV1QiLCJhbGciOiJIUzI1NiJ9.eyJpZCI6MTY2MDM1LCJ1c2VybmFtZSI6InN1bm55dDEzNSIsImV4cCI6MTYyNDgzMDMyNX0.I-zIKEwHQz7ajHIq9_g7AG1fjNMJI1Ws4TvgUOBmNKc"}}
22:45:25.996 [com.intuit.karate.cli.Main.main()] DEBUG com.intuit.karate - request:
2 > POST https://conduit.productionready.io/api/articles
2 > Authorization: Token eyJ0eXAiOiJKV1QiLCJhbGciOiJIUzI1NiJ9.eyJpZCI6MTY2MDM1LCJ1c2VybmFtZSI6InN1bm55dDEzNSIsImV4cCI6MTYyNDgzMDMyNX0.I-zIKEwHQz7ajHIq9_g7AG1fjNMJI1Ws4TvgUOBmNKc
2 > Cookie: __cfduid=dc510fceadcf79f361851cceb73ec8e801619646325
2 > Content-Type: application/json; charset=UTF-8
2 > Content-Length: 104
2 > Host: conduit.productionready.io
2 > Connection: Keep-Alive
2 > User-Agent: Apache-HttpClient/4.5.13 (Java/15.0.2)
2 > Accept-Encoding: gzip,deflate
{"article":{"tagList":[],"description":"Sunny's Article","title":"MyArticle","body":"My first article"}}

22:45:26.522 [com.intuit.karate.cli.Main.main()] DEBUG com.intuit.karate - response time in milliseconds: 526
2 < 200
2 < Date: Wed, 28 Apr 2021 21:45:26 GMT
2 < Content-Type: application/json; charset=utf-8
2 < Transfer-Encoding: chunked
2 < Connection: keep-alive
2 < Cache-Control: max-age=0, private, must-revalidate
2 < ETag: W/"c39f0f3c3d4be93d15b49358d2e672b4"
2 < Status: 200 OK
2 < Vary: Origin
2 < X-Content-Type-Options: nosniff
2 < X-Frame-Options: SAMEORIGIN
2 < X-Powered-By: Phusion Passenger 4.0.60
2 < X-Request-Id: 3c3343af-2e96-4dbb-9a14-2222b840bb31
2 < X-Runtime: 0.080618
2 < X-XSS-Protection: 1; mode=block
2 < CF-Cache-Status: DYNAMIC
2 < cf-request-id: 09bc0abd010000541b94a51000000001
2 < Expect-CT: max-age=604800, report-uri="https://report-uri.cloudflare.com/cdn-cgi/beacon/expect-ct"
2 < Report-To: {"group":"cf-nel","max_age":604800,"endpoints":[{"url":"https:\/\/a.nel.cloudflare.com\/report?s=yHL6BIP0KkRd0jDpMKyxzm1Dx7olXG%2FsJZm5f7Bmi78eCFWYUfcelvmgt32tWSkPPVrDYdXEw0rZF6VfIODVglsefEmzhmHpNzoiukX9tTfO4uWMLll3HiBKMg%3D%3D"}]}
2 < NEL: {"report_to":"cf-nel","max_age":604800}
2 < Server: cloudflare
2 < CF-RAY: 64737a419efd541b-LHR
2 < alt-svc: h3-27=":443"; ma=86400, h3-28=":443"; ma=86400, h3-29=":443"; ma=86400
{"article":{"tagList":[],"createdAt":"2021-04-28T21:45:26.321Z","author":{"image":"https:\/\/static.productionready.io\/images\/smiley-cyrus.jpg","following":false,"bio":null,"username":"sunnyt135"},"description":"Sunny's Article","title":"MyArticle","body":"My first article","favoritesCount":0,"slug":"myarticle-z4kal4","updatedAt":"2021-04-28T21:45:26.321Z","favorited":false}}
22:45:26.921 [com.intuit.karate.cli.Main.main()] INFO  com.intuit.karate.Suite - <<pass>> feature 1 of 1 (0 remaining) src/test/java/conduitApp/feature/Articles.feature
22:49:21.856 [main] DEBUG com.intuit.karate.Suite - [config] classpath:karate-config.js
22:49:22.424 [main] INFO  com.intuit.karate - karate.env system property was: null 
22:49:22.698 [main] DEBUG com.intuit.karate - request:
1 > POST https://conduit.productionready.io/api/users/login
1 > Content-Type: application/json; charset=UTF-8
1 > Content-Length: 54
1 > Host: conduit.productionready.io
1 > Connection: Keep-Alive
1 > User-Agent: Apache-HttpClient/4.5.13 (Java/15.0.2)
1 > Accept-Encoding: gzip,deflate
{"user":{"password":"Karate@1","email":"test@gs.com"}}

22:49:23.503 [main] DEBUG com.intuit.karate - response time in milliseconds: 797
1 < 200
1 < Date: Wed, 28 Apr 2021 21:49:23 GMT
1 < Content-Type: application/json; charset=utf-8
1 < Connection: keep-alive
1 < Cache-Control: max-age=0, private, must-revalidate
1 < ETag: W/"63ca39cf5754d103282f0bb46ebf7ca3"
1 < Status: 200 OK
1 < Vary: Origin
1 < X-Content-Type-Options: nosniff
1 < X-Frame-Options: SAMEORIGIN
1 < X-Powered-By: Phusion Passenger 4.0.60
1 < X-Request-Id: 78a89b95-05ad-41bb-8987-e98d6e73ebde
1 < X-Runtime: 0.082510
1 < X-XSS-Protection: 1; mode=block
1 < CF-Cache-Status: DYNAMIC
1 < cf-request-id: 09bc0e5a330000073a4e07c000000001
1 < Expect-CT: max-age=604800, report-uri="https://report-uri.cloudflare.com/cdn-cgi/beacon/expect-ct"
1 < Report-To: {"endpoints":[{"url":"https:\/\/a.nel.cloudflare.com\/report?s=FCFDkWpQUo%2FDBIL%2FGullwJyAg1v4expn%2Fucc6t2CUOEm%2BmjI7zUMngbPuj2%2FLqBQxj%2BmPcOOqjfK2Cnt6eec4%2FMDPR9EprAN5hikZ5%2B5S9vHGyCTrtxzhIPD9Q%3D%3D"}],"group":"cf-nel","max_age":604800}
1 < NEL: {"max_age":604800,"report_to":"cf-nel"}
1 < Server: cloudflare
1 < CF-RAY: 64738009ea61073a-LHR
1 < alt-svc: h3-27=":443"; ma=86400, h3-28=":443"; ma=86400, h3-29=":443"; ma=86400
1 < Set-Cookie: __cfduid=d9bcba2a149e923bb4798b6a82e3643ea1619646562; Max-Age=1622238562000; Expires=Tue, 08 Jan 53428 04:36:03 GMT; Domain=productionready.io
{"user":{"createdAt":"2021-04-28T21:19:17.642Z","image":null,"bio":null,"id":166035,"email":"test@gs.com","updatedAt":"2021-04-28T21:19:17.648Z","username":"sunnyt135","token":"eyJ0eXAiOiJKV1QiLCJhbGciOiJIUzI1NiJ9.eyJpZCI6MTY2MDM1LCJ1c2VybmFtZSI6InN1bm55dDEzNSIsImV4cCI6MTYyNDgzMDU2M30.kT29IpnzD-_NdEgnWeYiYp-ezof937iqZuq9cWEGABU"}}
22:49:23.524 [main] DEBUG com.intuit.karate - request:
2 > POST https://conduit.productionready.io/api/articles
2 > Authorization: Token eyJ0eXAiOiJKV1QiLCJhbGciOiJIUzI1NiJ9.eyJpZCI6MTY2MDM1LCJ1c2VybmFtZSI6InN1bm55dDEzNSIsImV4cCI6MTYyNDgzMDU2M30.kT29IpnzD-_NdEgnWeYiYp-ezof937iqZuq9cWEGABU
2 > Cookie: __cfduid=d9bcba2a149e923bb4798b6a82e3643ea1619646562
2 > Content-Type: application/json; charset=UTF-8
2 > Content-Length: 104
2 > Host: conduit.productionready.io
2 > Connection: Keep-Alive
2 > User-Agent: Apache-HttpClient/4.5.13 (Java/15.0.2)
2 > Accept-Encoding: gzip,deflate
{"article":{"tagList":[],"description":"Sunny's Article","title":"MyArticle","body":"My first article"}}

22:49:24.198 [main] DEBUG com.intuit.karate - response time in milliseconds: 674
2 < 200
2 < Date: Wed, 28 Apr 2021 21:49:24 GMT
2 < Content-Type: application/json; charset=utf-8
2 < Transfer-Encoding: chunked
2 < Connection: keep-alive
2 < cache-control: max-age=0, private, must-revalidate
2 < etag: W/"e93949e86ab534c4e86477a6dfbafabb"
2 < status: 200 OK
2 < vary: Origin
2 < x-content-type-options: nosniff
2 < x-frame-options: SAMEORIGIN
2 < x-powered-by: Phusion Passenger 4.0.60
2 < x-request-id: 2844329c-47c1-4651-950f-fddc1efaf260
2 < x-runtime: 0.085719
2 < x-xss-protection: 1; mode=block
2 < CF-Cache-Status: DYNAMIC
2 < cf-request-id: 09bc0e5cf500004052cc301000000001
2 < Expect-CT: max-age=604800, report-uri="https://report-uri.cloudflare.com/cdn-cgi/beacon/expect-ct"
2 < Report-To: {"group":"cf-nel","max_age":604800,"endpoints":[{"url":"https:\/\/a.nel.cloudflare.com\/report?s=4O1cmOpCzMQHusx3O8KUfVU4IWaf%2BfD%2Fjmcc1ja6xYJx5WtLiNKNKIvLQ4SHU8HdLdpC0IgiIA0olpY8iH2M7tq1G3Zm7ECvHPmFokbn%2FmjLpJZys7a8To5Z8w%3D%3D"}]}
2 < NEL: {"report_to":"cf-nel","max_age":604800}
2 < Server: cloudflare
2 < CF-RAY: 6473800e59814052-LHR
2 < alt-svc: h3-27=":443"; ma=86400, h3-28=":443"; ma=86400, h3-29=":443"; ma=86400
{"article":{"tagList":[],"createdAt":"2021-04-28T21:49:23.919Z","author":{"image":"https:\/\/static.productionready.io\/images\/smiley-cyrus.jpg","following":false,"bio":null,"username":"sunnyt135"},"description":"Sunny's Article","title":"MyArticle","body":"My first article","favoritesCount":0,"slug":"myarticle-7ttbhr","updatedAt":"2021-04-28T21:49:23.919Z","favorited":false}}
22:49:45.506 [main] DEBUG com.intuit.karate.Suite - [config] classpath:karate-config.js
22:49:45.974 [main] INFO  com.intuit.karate - karate.env system property was: null 
22:49:46.205 [main] DEBUG com.intuit.karate - request:
1 > POST https://conduit.productionready.io/api/users/login
1 > Content-Type: application/json; charset=UTF-8
1 > Content-Length: 54
1 > Host: conduit.productionready.io
1 > Connection: Keep-Alive
1 > User-Agent: Apache-HttpClient/4.5.13 (Java/15.0.2)
1 > Accept-Encoding: gzip,deflate
{"user":{"password":"Karate@1","email":"test@gs.com"}}

22:49:46.857 [main] DEBUG com.intuit.karate - response time in milliseconds: 647
1 < 200
1 < Date: Wed, 28 Apr 2021 21:49:46 GMT
1 < Content-Type: application/json; charset=utf-8
1 < Transfer-Encoding: chunked
1 < Connection: keep-alive
1 < Cache-Control: max-age=0, private, must-revalidate
1 < ETag: W/"ef4541183374ab2ed4214481e417102c"
1 < Status: 200 OK
1 < Vary: Origin
1 < X-Content-Type-Options: nosniff
1 < X-Frame-Options: SAMEORIGIN
1 < X-Powered-By: Phusion Passenger 4.0.60
1 < X-Request-Id: e58e7817-6008-47ae-b884-59eaa67d8714
1 < X-Runtime: 0.084022
1 < X-XSS-Protection: 1; mode=block
1 < CF-Cache-Status: DYNAMIC
1 < cf-request-id: 09bc0eb5e8000042684abb3000000001
1 < Expect-CT: max-age=604800, report-uri="https://report-uri.cloudflare.com/cdn-cgi/beacon/expect-ct"
1 < Report-To: {"endpoints":[{"url":"https:\/\/a.nel.cloudflare.com\/report?s=ZNGRprUMcxPsPh%2FYdchVAPh2nT4ZwBMS0GVef7aAzLQrnvPMdBKu8MQWeTQZHXt%2BwzX1USdHVWvM4mqrR%2F1q9QfnU5SJDU%2Bser%2B1LHgSb7DzL9gCcH7Ku5pY3Q%3D%3D"}],"max_age":604800,"group":"cf-nel"}
1 < NEL: {"report_to":"cf-nel","max_age":604800}
1 < Server: cloudflare
1 < CF-RAY: 6473809caf994268-LHR
1 < alt-svc: h3-27=":443"; ma=86400, h3-28=":443"; ma=86400, h3-29=":443"; ma=86400
1 < Set-Cookie: __cfduid=da4e714539ac101e2644fcba3de49b5661619646586; Max-Age=1622238586000; Expires=Tue, 08 Jan 53428 11:16:26 GMT; Domain=productionready.io
{"user":{"createdAt":"2021-04-28T21:19:17.642Z","image":null,"bio":null,"id":166035,"email":"test@gs.com","updatedAt":"2021-04-28T21:19:17.648Z","username":"sunnyt135","token":"eyJ0eXAiOiJKV1QiLCJhbGciOiJIUzI1NiJ9.eyJpZCI6MTY2MDM1LCJ1c2VybmFtZSI6InN1bm55dDEzNSIsImV4cCI6MTYyNDgzMDU4Nn0.fLy7LRD0Qx_ugPsBUJfJezl9Mx_bHc72Feq65hWokt8"}}
22:49:46.872 [main] DEBUG com.intuit.karate - request:
2 > POST https://conduit.productionready.io/api/articles
2 > Authorization: Token eyJ0eXAiOiJKV1QiLCJhbGciOiJIUzI1NiJ9.eyJpZCI6MTY2MDM1LCJ1c2VybmFtZSI6InN1bm55dDEzNSIsImV4cCI6MTYyNDgzMDU4Nn0.fLy7LRD0Qx_ugPsBUJfJezl9Mx_bHc72Feq65hWokt8
2 > Cookie: __cfduid=da4e714539ac101e2644fcba3de49b5661619646586
2 > Content-Type: application/json; charset=UTF-8
2 > Content-Length: 104
2 > Host: conduit.productionready.io
2 > Connection: Keep-Alive
2 > User-Agent: Apache-HttpClient/4.5.13 (Java/15.0.2)
2 > Accept-Encoding: gzip,deflate
{"article":{"tagList":[],"description":"Sunny's Article","title":"MyArticle","body":"My first article"}}

22:49:47.442 [main] DEBUG com.intuit.karate - response time in milliseconds: 570
2 < 200
2 < Date: Wed, 28 Apr 2021 21:49:47 GMT
2 < Content-Type: application/json; charset=utf-8
2 < Transfer-Encoding: chunked
2 < Connection: keep-alive
2 < Cache-Control: max-age=0, private, must-revalidate
2 < ETag: W/"2c6d11d9445452a7a47c43ad32f21fed"
2 < Status: 200 OK
2 < Vary: Origin
2 < X-Content-Type-Options: nosniff
2 < X-Frame-Options: SAMEORIGIN
2 < X-Powered-By: Phusion Passenger 4.0.60
2 < X-Request-Id: e70cbeaf-9780-4fae-aa82-6edddc3d7c0e
2 < X-Runtime: 0.077962
2 < X-XSS-Protection: 1; mode=block
2 < CF-Cache-Status: DYNAMIC
2 < cf-request-id: 09bc0eb839000006cd4d82a000000001
2 < Expect-CT: max-age=604800, report-uri="https://report-uri.cloudflare.com/cdn-cgi/beacon/expect-ct"
2 < Report-To: {"max_age":604800,"group":"cf-nel","endpoints":[{"url":"https:\/\/a.nel.cloudflare.com\/report?s=dyv3Y59huNx6RoCIosxs%2FaOOPWazXlzW%2BDsf%2FzyjVFps7BJOPPyuoT6m9stbUI7lv02t00M6eYqI3IK%2FJLWhB7Qq5iuxIFhZ3iRNNNk60xcyK5I7k7pMdIBwJQ%3D%3D"}]}
2 < NEL: {"report_to":"cf-nel","max_age":604800}
2 < Server: cloudflare
2 < CF-RAY: 647380a05ee006cd-LHR
2 < alt-svc: h3-27=":443"; ma=86400, h3-28=":443"; ma=86400, h3-29=":443"; ma=86400
{"article":{"tagList":[],"createdAt":"2021-04-28T21:49:47.249Z","author":{"image":"https:\/\/static.productionready.io\/images\/smiley-cyrus.jpg","following":false,"bio":null,"username":"sunnyt135"},"description":"Sunny's Article","title":"MyArticle","body":"My first article","favoritesCount":0,"slug":"myarticle-us0u9d","updatedAt":"2021-04-28T21:49:47.249Z","favorited":false}}
22:49:47.823 [main] INFO  com.intuit.karate - karate.env system property was: null 
22:49:47.827 [main] DEBUG com.intuit.karate - request:
1 > GET https://conduit.productionready.io/api/tags
1 > Host: conduit.productionready.io
1 > Connection: Keep-Alive
1 > User-Agent: Apache-HttpClient/4.5.13 (Java/15.0.2)
1 > Accept-Encoding: gzip,deflate


22:49:49.184 [main] DEBUG com.intuit.karate - response time in milliseconds: 1356
1 < 200
1 < Date: Wed, 28 Apr 2021 21:49:49 GMT
1 < Content-Type: application/json; charset=utf-8
1 < Transfer-Encoding: chunked
1 < Connection: keep-alive
1 < Cache-Control: max-age=0, private, must-revalidate
1 < ETag: W/"8b50c31abf934d0787d867c799d919c9"
1 < Status: 200 OK
1 < Vary: Origin
1 < X-Content-Type-Options: nosniff
1 < X-Frame-Options: SAMEORIGIN
1 < X-Powered-By: Phusion Passenger 4.0.60
1 < X-Request-Id: 9c705bed-b52b-4e6b-96f7-39e2d3abbcbe
1 < X-Runtime: 0.829671
1 < X-XSS-Protection: 1; mode=block
1 < CF-Cache-Status: DYNAMIC
1 < cf-request-id: 09bc0ebbca0000e6a08792a000000001
1 < Expect-CT: max-age=604800, report-uri="https://report-uri.cloudflare.com/cdn-cgi/beacon/expect-ct"
1 < Report-To: {"endpoints":[{"url":"https:\/\/a.nel.cloudflare.com\/report?s=Kf12%2BD6Tn0q7rzoBJgmLiypPGyIVNm3z8J7w5ozuw1NliId2cDJcjzcrlJxH0jn%2F4K1lauPkiT8tLtl%2Bp8KZ18nZtcWG70suuMxFQ0EcyUb%2Fg0r7VHbL7pYXUQ%3D%3D"}],"max_age":604800,"group":"cf-nel"}
1 < NEL: {"report_to":"cf-nel","max_age":604800}
1 < Server: cloudflare
1 < CF-RAY: 647380a60fa7e6a0-LHR
1 < alt-svc: h3-27=":443"; ma=86400, h3-28=":443"; ma=86400, h3-29=":443"; ma=86400
1 < Set-Cookie: __cfduid=d5279263ea89ac2b6080233e53a44880d1619646587; Max-Age=1622238587000; Expires=Tue, 08 Jan 53428 11:33:09 GMT; Domain=productionready.io
{"tags":["\u200C","\u200C\u200C","\u200C\u200C\u200C","\u200C\u200C\u200C\u200C","\u200C\u200C\u200C\u200C\u200C\u200C\u200C\u200C","\u200C\u200C\u200C\u200C\u200C\u200C\u200C","\u200C\u200C\u200C\u200C\u200C","\u200C\u200C\u200C\u200C\u200C\u200C","\u200C\u200C\u200C\u200C\u200C\u200C\u200C\u200C\u200C\u200C","\u200C\u200C\u200C\u200C\u200C\u200C\u200C\u200C\u200C\u200C\u200C","HuManIty","Hu\u200CMan\u200CIty","Gandhi","HITLER","SIDA","BlackLivesMatter","Black\u200CLives\u200CMatter","test","dragons","butt"]}
22:51:34.708 [main] DEBUG com.intuit.karate.Suite - [config] classpath:karate-config.js
22:51:35.282 [main] INFO  com.intuit.karate - karate.env system property was: null 
22:51:35.543 [main] DEBUG com.intuit.karate - request:
1 > POST https://conduit.productionready.io/api/users/login
1 > Content-Type: application/json; charset=UTF-8
1 > Content-Length: 54
1 > Host: conduit.productionready.io
1 > Connection: Keep-Alive
1 > User-Agent: Apache-HttpClient/4.5.13 (Java/15.0.2)
1 > Accept-Encoding: gzip,deflate
{"user":{"password":"Karate@1","email":"test@gs.com"}}

22:51:36.240 [main] DEBUG com.intuit.karate - response time in milliseconds: 690
1 < 200
1 < Date: Wed, 28 Apr 2021 21:51:36 GMT
1 < Content-Type: application/json; charset=utf-8
1 < Transfer-Encoding: chunked
1 < Connection: keep-alive
1 < Cache-Control: max-age=0, private, must-revalidate
1 < ETag: W/"9ff4522f29dc213dc2d6c60f89a4e1cc"
1 < Status: 200 OK
1 < Vary: Origin
1 < X-Content-Type-Options: nosniff
1 < X-Frame-Options: SAMEORIGIN
1 < X-Powered-By: Phusion Passenger 4.0.60
1 < X-Request-Id: f6efe4d0-6ecd-4625-ae8c-a882c5538f13
1 < X-Runtime: 0.093415
1 < X-XSS-Protection: 1; mode=block
1 < CF-Cache-Status: DYNAMIC
1 < cf-request-id: 09bc1061310000e61cc1a1a000000001
1 < Expect-CT: max-age=604800, report-uri="https://report-uri.cloudflare.com/cdn-cgi/beacon/expect-ct"
1 < Report-To: {"group":"cf-nel","endpoints":[{"url":"https:\/\/a.nel.cloudflare.com\/report?s=VT%2BFqlJrpLqkHb4Ppxuj4%2FcagH%2F1flp9gCpx41mRTd%2BqSq0qMekPBANgLe78KH3cVzKOWmyZgMiE9xw4ixc38FQkWAMIRDCtoQx0X4Uxg%2F%2FMCss5tYVUxeunVw%3D%3D"}],"max_age":604800}
1 < NEL: {"max_age":604800,"report_to":"cf-nel"}
1 < Server: cloudflare
1 < CF-RAY: 647383484beee61c-LHR
1 < alt-svc: h3-27=":443"; ma=86400, h3-28=":443"; ma=86400, h3-29=":443"; ma=86400
1 < Set-Cookie: __cfduid=d5aaa431db58b9e9cfc7e96faf7d0bb4c1619646695; Max-Age=1622238695000; Expires=Wed, 09 Jan 53428 17:34:56 GMT; Domain=productionready.io
{"user":{"createdAt":"2021-04-28T21:19:17.642Z","image":null,"bio":null,"id":166035,"email":"test@gs.com","updatedAt":"2021-04-28T21:19:17.648Z","username":"sunnyt135","token":"eyJ0eXAiOiJKV1QiLCJhbGciOiJIUzI1NiJ9.eyJpZCI6MTY2MDM1LCJ1c2VybmFtZSI6InN1bm55dDEzNSIsImV4cCI6MTYyNDgzMDY5Nn0.iHcrkgat7fMjCHn086_qtUnbOq7QCFlYza3S5_IGEnM"}}
22:51:36.259 [main] DEBUG com.intuit.karate - request:
2 > POST https://conduit.productionready.io/api/articles
2 > Authorization: Token eyJ0eXAiOiJKV1QiLCJhbGciOiJIUzI1NiJ9.eyJpZCI6MTY2MDM1LCJ1c2VybmFtZSI6InN1bm55dDEzNSIsImV4cCI6MTYyNDgzMDY5Nn0.iHcrkgat7fMjCHn086_qtUnbOq7QCFlYza3S5_IGEnM
2 > Cookie: __cfduid=d5aaa431db58b9e9cfc7e96faf7d0bb4c1619646695
2 > Content-Type: application/json; charset=UTF-8
2 > Content-Length: 104
2 > Host: conduit.productionready.io
2 > Connection: Keep-Alive
2 > User-Agent: Apache-HttpClient/4.5.13 (Java/15.0.2)
2 > Accept-Encoding: gzip,deflate
{"article":{"tagList":[],"description":"Sunny's Article","title":"MyArticle","body":"My first article"}}

22:51:36.795 [main] DEBUG com.intuit.karate - response time in milliseconds: 536
2 < 200
2 < Date: Wed, 28 Apr 2021 21:51:36 GMT
2 < Content-Type: application/json; charset=utf-8
2 < Transfer-Encoding: chunked
2 < Connection: keep-alive
2 < Cache-Control: max-age=0, private, must-revalidate
2 < ETag: W/"10df4f11fd2b08f2b9ddbf541e428ecb"
2 < Status: 200 OK
2 < Vary: Origin
2 < X-Content-Type-Options: nosniff
2 < X-Frame-Options: SAMEORIGIN
2 < X-Powered-By: Phusion Passenger 4.0.60
2 < X-Request-Id: bbad8788-b614-4b05-98af-375724a85f65
2 < X-Runtime: 0.069074
2 < X-XSS-Protection: 1; mode=block
2 < CF-Cache-Status: DYNAMIC
2 < cf-request-id: 09bc10636f0000e5e86a0b6000000001
2 < Expect-CT: max-age=604800, report-uri="https://report-uri.cloudflare.com/cdn-cgi/beacon/expect-ct"
2 < Report-To: {"group":"cf-nel","max_age":604800,"endpoints":[{"url":"https:\/\/a.nel.cloudflare.com\/report?s=92IM6mJBmN3NGsr6keStkViTN7HM06cDBBe4FOdSFlBBAwb9LLMhxuBPu6Io7OgSJWkZIH0T7UGiZaTNV1XfzNTFKB0hlkalurZywt2GKXVAixCI%2FI1Yg44jDQ%3D%3D"}]}
2 < NEL: {"report_to":"cf-nel","max_age":604800}
2 < Server: cloudflare
2 < CF-RAY: 6473834bea84e5e8-LHR
2 < alt-svc: h3-27=":443"; ma=86400, h3-28=":443"; ma=86400, h3-29=":443"; ma=86400
{"article":{"tagList":[],"createdAt":"2021-04-28T21:51:36.601Z","author":{"image":"https:\/\/static.productionready.io\/images\/smiley-cyrus.jpg","following":false,"bio":null,"username":"sunnyt135"},"description":"Sunny's Article","title":"MyArticle","body":"My first article","favoritesCount":0,"slug":"myarticle-1tj4tj","updatedAt":"2021-04-28T21:51:36.601Z","favorited":false}}
22:51:37.326 [main] INFO  com.intuit.karate - karate.env system property was: null 
22:51:37.329 [main] DEBUG com.intuit.karate - request:
1 > GET https://conduit.productionready.io/api/tags
1 > Host: conduit.productionready.io
1 > Connection: Keep-Alive
1 > User-Agent: Apache-HttpClient/4.5.13 (Java/15.0.2)
1 > Accept-Encoding: gzip,deflate


22:51:38.631 [main] DEBUG com.intuit.karate - response time in milliseconds: 1302
1 < 200
1 < Date: Wed, 28 Apr 2021 21:51:38 GMT
1 < Content-Type: application/json; charset=utf-8
1 < Transfer-Encoding: chunked
1 < Connection: keep-alive
1 < Cache-Control: max-age=0, private, must-revalidate
1 < ETag: W/"8b50c31abf934d0787d867c799d919c9"
1 < Status: 200 OK
1 < Vary: Origin
1 < X-Content-Type-Options: nosniff
1 < X-Frame-Options: SAMEORIGIN
1 < X-Powered-By: Phusion Passenger 4.0.60
1 < X-Request-Id: 29c7f287-80d5-49f2-bb31-3b74d1682454
1 < X-Runtime: 0.829461
1 < X-XSS-Protection: 1; mode=block
1 < CF-Cache-Status: DYNAMIC
1 < cf-request-id: 09bc10679200004066729d5000000001
1 < Expect-CT: max-age=604800, report-uri="https://report-uri.cloudflare.com/cdn-cgi/beacon/expect-ct"
1 < Report-To: {"group":"cf-nel","endpoints":[{"url":"https:\/\/a.nel.cloudflare.com\/report?s=TD9YwboALTJhZwzYvtrUhhzf43PwzpkRLsfVzUNZXWODI0naA87ZkP1BA4rPKiZX8Ibmy%2Be%2BP2NSslAA5Odwp5oRrWf6bzUKjEIWLh6oaktmkWu%2BwIrZNnn0bw%3D%3D"}],"max_age":604800}
1 < NEL: {"max_age":604800,"report_to":"cf-nel"}
1 < Server: cloudflare
1 < CF-RAY: 647383528cfe4066-LHR
1 < alt-svc: h3-27=":443"; ma=86400, h3-28=":443"; ma=86400, h3-29=":443"; ma=86400
1 < Set-Cookie: __cfduid=d976577cfe799c30da52565345ce286e61619646697; Max-Age=1622238697000; Expires=Wed, 09 Jan 53428 18:08:18 GMT; Domain=productionready.io
{"tags":["\u200C","\u200C\u200C","\u200C\u200C\u200C","\u200C\u200C\u200C\u200C","\u200C\u200C\u200C\u200C\u200C\u200C\u200C\u200C","\u200C\u200C\u200C\u200C\u200C\u200C\u200C","\u200C\u200C\u200C\u200C\u200C","\u200C\u200C\u200C\u200C\u200C\u200C","\u200C\u200C\u200C\u200C\u200C\u200C\u200C\u200C\u200C\u200C","\u200C\u200C\u200C\u200C\u200C\u200C\u200C\u200C\u200C\u200C\u200C","HuManIty","Hu\u200CMan\u200CIty","Gandhi","HITLER","SIDA","BlackLivesMatter","Black\u200CLives\u200CMatter","test","dragons","butt"]}
22:51:38.648 [main] INFO  com.intuit.karate - karate.env system property was: null 
22:51:38.661 [main] DEBUG com.intuit.karate - request:
1 > GET https://conduit.productionready.io/api/articles?offset=0&limit=10
1 > Host: conduit.productionready.io
1 > Connection: Keep-Alive
1 > User-Agent: Apache-HttpClient/4.5.13 (Java/15.0.2)
1 > Accept-Encoding: gzip,deflate


22:51:39.260 [main] DEBUG com.intuit.karate - response time in milliseconds: 596
1 < 200
1 < Date: Wed, 28 Apr 2021 21:51:39 GMT
1 < Content-Type: application/json; charset=utf-8
1 < Transfer-Encoding: chunked
1 < Connection: keep-alive
1 < Cache-Control: max-age=0, private, must-revalidate
1 < ETag: W/"56790812781543fb80c22e0704d46492"
1 < Status: 200 OK
1 < Vary: Origin
1 < X-Content-Type-Options: nosniff
1 < X-Frame-Options: SAMEORIGIN
1 < X-Powered-By: Phusion Passenger 4.0.60
1 < X-Request-Id: 00d250e1-1f4e-4946-9dd6-ff1e2ad0059b
1 < X-Runtime: 0.153793
1 < X-XSS-Protection: 1; mode=block
1 < CF-Cache-Status: DYNAMIC
1 < cf-request-id: 09bc106cce000040f57c1fb000000001
1 < Expect-CT: max-age=604800, report-uri="https://report-uri.cloudflare.com/cdn-cgi/beacon/expect-ct"
1 < Report-To: {"max_age":604800,"endpoints":[{"url":"https:\/\/a.nel.cloudflare.com\/report?s=l8gNalS%2B9RHsphXBRsy2n%2Fz8AJPa0Wd8c0pO6sk0sHSJmGKKzV27y8VKxMNP5%2FdIx5S9Z6s2UOsoN%2F7m4LLUZywEB9zx%2BiBg0swJxOXUCibQ1wjPHnua9J0kWw%3D%3D"}],"group":"cf-nel"}
1 < NEL: {"max_age":604800,"report_to":"cf-nel"}
1 < Server: cloudflare
1 < CF-RAY: 6473835aef8940f5-LHR
1 < alt-svc: h3-27=":443"; ma=86400, h3-28=":443"; ma=86400, h3-29=":443"; ma=86400
1 < Set-Cookie: __cfduid=df126d617df349427e562cb2f7b0c471c1619646698; Max-Age=1622238698000; Expires=Wed, 09 Jan 53428 18:24:59 GMT; Domain=productionready.io
{"articlesCount":500,"articles":[{"tagList":[],"createdAt":"2021-04-28T21:51:36.601Z","author":{"image":"https:\/\/static.productionready.io\/images\/smiley-cyrus.jpg","following":false,"bio":null,"username":"sunnyt135"},"description":"Sunny's Article","title":"MyArticle","body":"My first article","favoritesCount":0,"slug":"myarticle-1tj4tj","updatedAt":"2021-04-28T21:51:36.601Z","favorited":false},{"tagList":[],"createdAt":"2021-04-28T21:49:47.249Z","author":{"image":"https:\/\/static.productionready.io\/images\/smiley-cyrus.jpg","following":false,"bio":null,"username":"sunnyt135"},"description":"Sunny's Article","title":"MyArticle","body":"My first article","favoritesCount":0,"slug":"myarticle-us0u9d","updatedAt":"2021-04-28T21:49:47.249Z","favorited":false},{"tagList":[],"createdAt":"2021-04-28T21:49:23.919Z","author":{"image":"https:\/\/static.productionready.io\/images\/smiley-cyrus.jpg","following":false,"bio":null,"username":"sunnyt135"},"description":"Sunny's Article","title":"MyArticle","body":"My first article","favoritesCount":0,"slug":"myarticle-7ttbhr","updatedAt":"2021-04-28T21:49:23.919Z","favorited":false},{"tagList":[],"createdAt":"2021-04-28T21:45:26.321Z","author":{"image":"https:\/\/static.productionready.io\/images\/smiley-cyrus.jpg","following":false,"bio":null,"username":"sunnyt135"},"description":"Sunny's Article","title":"MyArticle","body":"My first article","favoritesCount":0,"slug":"myarticle-z4kal4","updatedAt":"2021-04-28T21:45:26.321Z","favorited":false},{"tagList":[],"createdAt":"2021-04-28T21:42:04.039Z","author":{"image":"https:\/\/static.productionready.io\/images\/smiley-cyrus.jpg","following":false,"bio":null,"username":"sunnyt135"},"description":"Sunny's Article","title":"MyArticle","body":"My first article","favoritesCount":0,"slug":"myarticle-9awmub","updatedAt":"2021-04-28T21:42:04.039Z","favorited":false},{"tagList":[],"createdAt":"2021-04-28T21:41:52.915Z","author":{"image":"https:\/\/static.productionready.io\/images\/smiley-cyrus.jpg","following":false,"bio":null,"username":"sunnyt135"},"description":"Sunny's Article","title":"MyArticle","body":"My first article","favoritesCount":0,"slug":"myarticle-o1zbx5","updatedAt":"2021-04-28T21:41:52.915Z","favorited":false},{"tagList":[],"createdAt":"2021-04-28T21:33:56.151Z","author":{"image":"https:\/\/static.productionready.io\/images\/smiley-cyrus.jpg","following":false,"bio":null,"username":"sunnyt135"},"description":"Sunny's Article","title":"MyArticle","body":"My first article","favoritesCount":0,"slug":"myarticle-dul2o","updatedAt":"2021-04-28T21:33:56.151Z","favorited":false},{"tagList":[],"createdAt":"2021-04-28T21:31:20.332Z","author":{"image":"https:\/\/static.productionready.io\/images\/smiley-cyrus.jpg","following":false,"bio":null,"username":"cameronwalker"},"description":"Test1","title":"Test","body":"Test2","favoritesCount":1,"slug":"test-avfbct","updatedAt":"2021-04-28T21:31:20.332Z","favorited":false},{"tagList":[],"createdAt":"2021-04-28T21:30:27.546Z","author":{"image":"https:\/\/static.productionready.io\/images\/smiley-cyrus.jpg","following":false,"bio":null,"username":"cameronwalker"},"description":"Test1","title":"Test","body":"Test2","favoritesCount":0,"slug":"test-lov6x1","updatedAt":"2021-04-28T21:30:27.546Z","favorited":false},{"tagList":[],"createdAt":"2021-04-28T21:30:00.714Z","author":{"image":"https:\/\/static.productionready.io\/images\/smiley-cyrus.jpg","following":false,"bio":null,"username":"cameronwalker"},"description":"Test1","title":"Test","body":"Test2","favoritesCount":0,"slug":"test-qfx8qb","updatedAt":"2021-04-28T21:30:00.714Z","favorited":false}]}
22:51:39.518 [main] DEBUG com.intuit.karate.Suite - [config] classpath:karate-config.js
22:51:39.529 [main] INFO  com.intuit.karate - karate.env system property was: null 
22:51:39.532 [main] DEBUG com.intuit.karate - request:
1 > POST https://conduit.productionready.io/api/users/login
1 > Content-Type: application/json; charset=UTF-8
1 > Content-Length: 54
1 > Host: conduit.productionready.io
1 > Connection: Keep-Alive
1 > User-Agent: Apache-HttpClient/4.5.13 (Java/15.0.2)
1 > Accept-Encoding: gzip,deflate
{"user":{"password":"Karate@1","email":"test@gs.com"}}

22:51:40.185 [main] DEBUG com.intuit.karate - response time in milliseconds: 653
1 < 200
1 < Date: Wed, 28 Apr 2021 21:51:40 GMT
1 < Content-Type: application/json; charset=utf-8
1 < Transfer-Encoding: chunked
1 < Connection: keep-alive
1 < Cache-Control: max-age=0, private, must-revalidate
1 < ETag: W/"218d0dca4fe6f9a3449caa89ebd78ef5"
1 < Status: 200 OK
1 < Vary: Origin
1 < X-Content-Type-Options: nosniff
1 < X-Frame-Options: SAMEORIGIN
1 < X-Powered-By: Phusion Passenger 4.0.60
1 < X-Request-Id: e3f3d2f0-7c19-4087-afe0-cfd23fc8b689
1 < X-Runtime: 0.083339
1 < X-XSS-Protection: 1; mode=block
1 < CF-Cache-Status: DYNAMIC
1 < cf-request-id: 09bc107021000054750a86f000000001
1 < Expect-CT: max-age=604800, report-uri="https://report-uri.cloudflare.com/cdn-cgi/beacon/expect-ct"
1 < Report-To: {"group":"cf-nel","max_age":604800,"endpoints":[{"url":"https:\/\/a.nel.cloudflare.com\/report?s=HOXdZ78DqNkKsKxXmfJBYEp2muLYBJTH%2F8pjtSEjm4hi36DI7FWXB35I9NYz1m0lqisT9wFO7iocpOXog%2B5fnId5jLMtnsVQN9TYoZGpzwLsxsS8bsdca04lXQ%3D%3D"}]}
1 < NEL: {"max_age":604800,"report_to":"cf-nel"}
1 < Server: cloudflare
1 < CF-RAY: 647383603a015475-LHR
1 < alt-svc: h3-27=":443"; ma=86400, h3-28=":443"; ma=86400, h3-29=":443"; ma=86400
1 < Set-Cookie: __cfduid=d77a2f079d7e3f7c9afef1506488065391619646699; Max-Age=1622238699000; Expires=Wed, 09 Jan 53428 18:41:40 GMT; Domain=productionready.io
{"user":{"createdAt":"2021-04-28T21:19:17.642Z","image":null,"bio":null,"id":166035,"email":"test@gs.com","updatedAt":"2021-04-28T21:19:17.648Z","username":"sunnyt135","token":"eyJ0eXAiOiJKV1QiLCJhbGciOiJIUzI1NiJ9.eyJpZCI6MTY2MDM1LCJ1c2VybmFtZSI6InN1bm55dDEzNSIsImV4cCI6MTYyNDgzMDY5OX0.9Vnv02lY5WVePApgGKw8mxXNJfVJeGAJfuDKkJFe8P4"}}
22:51:40.190 [main] DEBUG com.intuit.karate - request:
2 > POST https://conduit.productionready.io/api/articles
2 > Authorization: Token eyJ0eXAiOiJKV1QiLCJhbGciOiJIUzI1NiJ9.eyJpZCI6MTY2MDM1LCJ1c2VybmFtZSI6InN1bm55dDEzNSIsImV4cCI6MTYyNDgzMDY5OX0.9Vnv02lY5WVePApgGKw8mxXNJfVJeGAJfuDKkJFe8P4
2 > Cookie: __cfduid=d77a2f079d7e3f7c9afef1506488065391619646699
2 > Content-Type: application/json; charset=UTF-8
2 > Content-Length: 104
2 > Host: conduit.productionready.io
2 > Connection: Keep-Alive
2 > User-Agent: Apache-HttpClient/4.5.13 (Java/15.0.2)
2 > Accept-Encoding: gzip,deflate
{"article":{"tagList":[],"description":"Sunny's Article","title":"MyArticle","body":"My first article"}}

22:51:40.799 [main] DEBUG com.intuit.karate - response time in milliseconds: 609
2 < 200
2 < Date: Wed, 28 Apr 2021 21:51:40 GMT
2 < Content-Type: application/json; charset=utf-8
2 < Transfer-Encoding: chunked
2 < Connection: keep-alive
2 < Cache-Control: max-age=0, private, must-revalidate
2 < ETag: W/"272740f2f01fe48b4e82c552254b8ef1"
2 < Status: 200 OK
2 < Vary: Origin
2 < X-Content-Type-Options: nosniff
2 < X-Frame-Options: SAMEORIGIN
2 < X-Powered-By: Phusion Passenger 4.0.60
2 < X-Request-Id: 6c182bc8-f037-40d5-a5ff-06c5269e0f97
2 < X-Runtime: 0.068731
2 < X-XSS-Protection: 1; mode=block
2 < CF-Cache-Status: DYNAMIC
2 < cf-request-id: 09bc1072b6000040651e3f1000000001
2 < Expect-CT: max-age=604800, report-uri="https://report-uri.cloudflare.com/cdn-cgi/beacon/expect-ct"
2 < Report-To: {"endpoints":[{"url":"https:\/\/a.nel.cloudflare.com\/report?s=%2B8rUzhi4LfFlIDFLUyX%2BWsjS3XapEEjxF5lUs4UkzezO%2FzZWbzRQYXc5CDn%2FGlzB6Mw6Cjd634lSf5mVrCkYrc5TAhOtakwfP4RQMdL8gp7OUU8I56PCqmyDwQ%3D%3D"}],"group":"cf-nel","max_age":604800}
2 < NEL: {"max_age":604800,"report_to":"cf-nel"}
2 < Server: cloudflare
2 < CF-RAY: 6473836459f84065-LHR
2 < alt-svc: h3-27=":443"; ma=86400, h3-28=":443"; ma=86400, h3-29=":443"; ma=86400
{"article":{"tagList":[],"createdAt":"2021-04-28T21:51:40.538Z","author":{"image":"https:\/\/static.productionready.io\/images\/smiley-cyrus.jpg","following":false,"bio":null,"username":"sunnyt135"},"description":"Sunny's Article","title":"MyArticle","body":"My first article","favoritesCount":0,"slug":"myarticle-mxcsbh","updatedAt":"2021-04-28T21:51:40.538Z","favorited":false}}
22:51:40.875 [main] INFO  com.intuit.karate - karate.env system property was: null 
22:51:40.877 [main] DEBUG com.intuit.karate - request:
1 > GET https://conduit.productionready.io/api/tags
1 > Host: conduit.productionready.io
1 > Connection: Keep-Alive
1 > User-Agent: Apache-HttpClient/4.5.13 (Java/15.0.2)
1 > Accept-Encoding: gzip,deflate


22:51:42.669 [main] DEBUG com.intuit.karate - response time in milliseconds: 1792
1 < 200
1 < Date: Wed, 28 Apr 2021 21:51:42 GMT
1 < Content-Type: application/json; charset=utf-8
1 < Transfer-Encoding: chunked
1 < Connection: keep-alive
1 < Cache-Control: max-age=0, private, must-revalidate
1 < ETag: W/"8b50c31abf934d0787d867c799d919c9"
1 < Status: 200 OK
1 < Vary: Origin
1 < X-Content-Type-Options: nosniff
1 < X-Frame-Options: SAMEORIGIN
1 < X-Powered-By: Phusion Passenger 4.0.60
1 < X-Request-Id: 1b03d022-4962-453e-b02d-d29016d36ef3
1 < X-Runtime: 1.315104
1 < X-XSS-Protection: 1; mode=block
1 < CF-Cache-Status: DYNAMIC
1 < cf-request-id: 09bc1075790000408411b50000000001
1 < Expect-CT: max-age=604800, report-uri="https://report-uri.cloudflare.com/cdn-cgi/beacon/expect-ct"
1 < Report-To: {"group":"cf-nel","max_age":604800,"endpoints":[{"url":"https:\/\/a.nel.cloudflare.com\/report?s=rlVpApr%2FYFMKu2pyP766mxsM0qN73PtdL8JztLBl31CBjYYySkYTtUX43sY2%2Bm6z%2Brz%2B30sOkqLnWypb7XcBMcaPX7G%2F1DGGjtu7uBpnByMtbLTunAMPFtzFUQ%3D%3D"}]}
1 < NEL: {"report_to":"cf-nel","max_age":604800}
1 < Server: cloudflare
1 < CF-RAY: 64738368bce84084-LHR
1 < alt-svc: h3-27=":443"; ma=86400, h3-28=":443"; ma=86400, h3-29=":443"; ma=86400
1 < Set-Cookie: __cfduid=dc2e8551b323553a4714308f4ec9b29721619646700; Max-Age=1622238700000; Expires=Wed, 09 Jan 53428 18:58:22 GMT; Domain=productionready.io
{"tags":["\u200C","\u200C\u200C","\u200C\u200C\u200C","\u200C\u200C\u200C\u200C","\u200C\u200C\u200C\u200C\u200C\u200C\u200C\u200C","\u200C\u200C\u200C\u200C\u200C\u200C\u200C","\u200C\u200C\u200C\u200C\u200C","\u200C\u200C\u200C\u200C\u200C\u200C","\u200C\u200C\u200C\u200C\u200C\u200C\u200C\u200C\u200C\u200C","\u200C\u200C\u200C\u200C\u200C\u200C\u200C\u200C\u200C\u200C\u200C","HuManIty","Hu\u200CMan\u200CIty","Gandhi","HITLER","SIDA","BlackLivesMatter","Black\u200CLives\u200CMatter","test","dragons","butt"]}
22:55:05.284 [main] INFO  com.intuit.karate.Runner - using system property 'karate.options': --tags @debug
22:55:05.523 [main] DEBUG com.intuit.karate.Suite - [config] classpath:karate-config.js
22:55:06.133 [main] INFO  com.intuit.karate - karate.env system property was: null 
22:55:06.390 [main] DEBUG com.intuit.karate - request:
1 > POST https://conduit.productionready.io/api/users/login
1 > Content-Type: application/json; charset=UTF-8
1 > Content-Length: 54
1 > Host: conduit.productionready.io
1 > Connection: Keep-Alive
1 > User-Agent: Apache-HttpClient/4.5.13 (Java/15.0.2)
1 > Accept-Encoding: gzip,deflate
{"user":{"password":"Karate@1","email":"test@gs.com"}}

22:55:07.159 [main] DEBUG com.intuit.karate - response time in milliseconds: 761
1 < 200
1 < Date: Wed, 28 Apr 2021 21:55:07 GMT
1 < Content-Type: application/json; charset=utf-8
1 < Transfer-Encoding: chunked
1 < Connection: keep-alive
1 < Cache-Control: max-age=0, private, must-revalidate
1 < ETag: W/"576b2409aba19f0dbfefe68da9f5113f"
1 < Status: 200 OK
1 < Vary: Origin
1 < X-Content-Type-Options: nosniff
1 < X-Frame-Options: SAMEORIGIN
1 < X-Powered-By: Phusion Passenger 4.0.60
1 < X-Request-Id: da6664b2-f5f8-420a-a646-c35731cb352b
1 < X-Runtime: 0.093646
1 < X-XSS-Protection: 1; mode=block
1 < CF-Cache-Status: DYNAMIC
1 < cf-request-id: 09bc1398de0000541b7e9bb000000001
1 < Expect-CT: max-age=604800, report-uri="https://report-uri.cloudflare.com/cdn-cgi/beacon/expect-ct"
1 < Report-To: {"group":"cf-nel","max_age":604800,"endpoints":[{"url":"https:\/\/a.nel.cloudflare.com\/report?s=hs2FXTTxSgGBmhxFHQZ2esv45by%2F0WxCP9rG6SqGJhSn%2BpxHceLSiFOH%2B4htrTD6q5rsDdcBxr6EG4Ord6iwRtDtDIadtHi4ZHprbH1QirmGI4Ps%2FovWs%2FqjtA%3D%3D"}]}
1 < NEL: {"report_to":"cf-nel","max_age":604800}
1 < Server: cloudflare
1 < CF-RAY: 6473886e2b47541b-LHR
1 < alt-svc: h3-27=":443"; ma=86400, h3-28=":443"; ma=86400, h3-29=":443"; ma=86400
1 < Set-Cookie: __cfduid=df11be8ac0827c32272eb45de53e9bb371619646906; Max-Age=1622238906000; Expires=Sat, 12 Jan 53428 04:15:07 GMT; Domain=productionready.io
{"user":{"createdAt":"2021-04-28T21:19:17.642Z","image":null,"bio":null,"id":166035,"email":"test@gs.com","updatedAt":"2021-04-28T21:19:17.648Z","username":"sunnyt135","token":"eyJ0eXAiOiJKV1QiLCJhbGciOiJIUzI1NiJ9.eyJpZCI6MTY2MDM1LCJ1c2VybmFtZSI6InN1bm55dDEzNSIsImV4cCI6MTYyNDgzMDkwNn0.vjmTLnyMC9yfxRvcoCtn5i2ASj5u_e-6MDIyd4Qb3xk"}}
22:55:07.177 [main] DEBUG com.intuit.karate - request:
2 > POST https://conduit.productionready.io/api/articles
2 > Authorization: Token eyJ0eXAiOiJKV1QiLCJhbGciOiJIUzI1NiJ9.eyJpZCI6MTY2MDM1LCJ1c2VybmFtZSI6InN1bm55dDEzNSIsImV4cCI6MTYyNDgzMDkwNn0.vjmTLnyMC9yfxRvcoCtn5i2ASj5u_e-6MDIyd4Qb3xk
2 > Cookie: __cfduid=df11be8ac0827c32272eb45de53e9bb371619646906
2 > Content-Type: application/json; charset=UTF-8
2 > Content-Length: 104
2 > Host: conduit.productionready.io
2 > Connection: Keep-Alive
2 > User-Agent: Apache-HttpClient/4.5.13 (Java/15.0.2)
2 > Accept-Encoding: gzip,deflate
{"article":{"tagList":[],"description":"Sunny's Article","title":"MyArticle","body":"My first article"}}

22:55:07.857 [main] DEBUG com.intuit.karate - response time in milliseconds: 680
2 < 200
2 < Date: Wed, 28 Apr 2021 21:55:07 GMT
2 < Content-Type: application/json; charset=utf-8
2 < Transfer-Encoding: chunked
2 < Connection: keep-alive
2 < Cache-Control: max-age=0, private, must-revalidate
2 < ETag: W/"d57344f7c78a0300fe4beb8dffc7c7b0"
2 < Status: 200 OK
2 < Vary: Origin
2 < X-Content-Type-Options: nosniff
2 < X-Frame-Options: SAMEORIGIN
2 < X-Powered-By: Phusion Passenger 4.0.60
2 < X-Request-Id: 632114bb-69f6-4476-8e52-65a999bcef99
2 < X-Runtime: 0.153247
2 < X-XSS-Protection: 1; mode=block
2 < CF-Cache-Status: DYNAMIC
2 < cf-request-id: 09bc139b480000539eaa2d6000000001
2 < Expect-CT: max-age=604800, report-uri="https://report-uri.cloudflare.com/cdn-cgi/beacon/expect-ct"
2 < Report-To: {"group":"cf-nel","endpoints":[{"url":"https:\/\/a.nel.cloudflare.com\/report?s=Xgcns5AZFZ%2BRJrtBbck0EbPguUwQks2v8J7Z4RmcQd2%2BVCrl1kDxvBaogvoT9re9AJN5yK0sWCFg3BrFv3Mlf2vFpSUVwASnVUMhH%2BAXgt3aOBwUyl298zrmwg%3D%3D"}],"max_age":604800}
2 < NEL: {"report_to":"cf-nel","max_age":604800}
2 < Server: cloudflare
2 < CF-RAY: 647388720ac3539e-LHR
2 < alt-svc: h3-27=":443"; ma=86400, h3-28=":443"; ma=86400, h3-29=":443"; ma=86400
{"article":{"tagList":[],"createdAt":"2021-04-28T21:55:07.607Z","author":{"image":"https:\/\/static.productionready.io\/images\/smiley-cyrus.jpg","following":false,"bio":null,"username":"sunnyt135"},"description":"Sunny's Article","title":"MyArticle","body":"My first article","favoritesCount":0,"slug":"myarticle-7ojwp8","updatedAt":"2021-04-28T21:55:07.607Z","favorited":false}}
22:55:08.222 [main] INFO  com.intuit.karate - karate.env system property was: null 
22:55:08.224 [main] DEBUG com.intuit.karate - request:
1 > GET https://conduit.productionready.io/api/tags
1 > Host: conduit.productionready.io
1 > Connection: Keep-Alive
1 > User-Agent: Apache-HttpClient/4.5.13 (Java/15.0.2)
1 > Accept-Encoding: gzip,deflate


22:55:09.596 [main] DEBUG com.intuit.karate - response time in milliseconds: 1371
1 < 200
1 < Date: Wed, 28 Apr 2021 21:55:09 GMT
1 < Content-Type: application/json; charset=utf-8
1 < Transfer-Encoding: chunked
1 < Connection: keep-alive
1 < Cache-Control: max-age=0, private, must-revalidate
1 < ETag: W/"8b50c31abf934d0787d867c799d919c9"
1 < Status: 200 OK
1 < Vary: Origin
1 < X-Content-Type-Options: nosniff
1 < X-Frame-Options: SAMEORIGIN
1 < X-Powered-By: Phusion Passenger 4.0.60
1 < X-Request-Id: 429eb44c-642e-4763-986c-41d1aa22db0e
1 < X-Runtime: 0.883950
1 < X-XSS-Protection: 1; mode=block
1 < CF-Cache-Status: DYNAMIC
1 < cf-request-id: 09bc139f6100002d07cd263000000001
1 < Expect-CT: max-age=604800, report-uri="https://report-uri.cloudflare.com/cdn-cgi/beacon/expect-ct"
1 < Report-To: {"endpoints":[{"url":"https:\/\/a.nel.cloudflare.com\/report?s=KDAfsKmyyYnQ%2FpE185z9v0i4AzM%2BM2SpLEsxLC%2F9WqKdx7C56R%2FH1XErzJEfwNwy%2FqRFUMoRI7WFk%2FZ1xx1NXY1jD1%2BCkzHvujDq6RHlGx1EZTcyJc1ABVCHkQ%3D%3D"}],"group":"cf-nel","max_age":604800}
1 < NEL: {"max_age":604800,"report_to":"cf-nel"}
1 < Server: cloudflare
1 < CF-RAY: 647388789de82d07-LHR
1 < alt-svc: h3-27=":443"; ma=86400, h3-28=":443"; ma=86400, h3-29=":443"; ma=86400
1 < Set-Cookie: __cfduid=da06c1966e72360a6f45221428b65cf0f1619646908; Max-Age=1622238908000; Expires=Sat, 12 Jan 53428 04:48:29 GMT; Domain=productionready.io
{"tags":["\u200C","\u200C\u200C","\u200C\u200C\u200C","\u200C\u200C\u200C\u200C","\u200C\u200C\u200C\u200C\u200C\u200C\u200C\u200C","\u200C\u200C\u200C\u200C\u200C\u200C\u200C","\u200C\u200C\u200C\u200C\u200C","\u200C\u200C\u200C\u200C\u200C\u200C","\u200C\u200C\u200C\u200C\u200C\u200C\u200C\u200C\u200C\u200C","\u200C\u200C\u200C\u200C\u200C\u200C\u200C\u200C\u200C\u200C\u200C","HuManIty","Hu\u200CMan\u200CIty","Gandhi","HITLER","SIDA","BlackLivesMatter","Black\u200CLives\u200CMatter","test","dragons","butt"]}
22:55:24.594 [main] DEBUG com.intuit.karate.Suite - [config] classpath:karate-config.js
22:55:25.088 [main] INFO  com.intuit.karate - karate.env system property was: null 
22:55:25.322 [main] DEBUG com.intuit.karate - request:
1 > POST https://conduit.productionready.io/api/users/login
1 > Content-Type: application/json; charset=UTF-8
1 > Content-Length: 54
1 > Host: conduit.productionready.io
1 > Connection: Keep-Alive
1 > User-Agent: Apache-HttpClient/4.5.13 (Java/15.0.2)
1 > Accept-Encoding: gzip,deflate
{"user":{"password":"Karate@1","email":"test@gs.com"}}

22:55:26.000 [main] DEBUG com.intuit.karate - response time in milliseconds: 672
1 < 200
1 < Date: Wed, 28 Apr 2021 21:55:25 GMT
1 < Content-Type: application/json; charset=utf-8
1 < Transfer-Encoding: chunked
1 < Connection: keep-alive
1 < Cache-Control: max-age=0, private, must-revalidate
1 < ETag: W/"79e290b60136b15775878a8ca075f72e"
1 < Status: 200 OK
1 < Vary: Origin
1 < X-Content-Type-Options: nosniff
1 < X-Frame-Options: SAMEORIGIN
1 < X-Powered-By: Phusion Passenger 4.0.60
1 < X-Request-Id: 427dfd8d-ab6a-4e12-b4e7-43185cb6388c
1 < X-Runtime: 0.095589
1 < X-XSS-Protection: 1; mode=block
1 < CF-Cache-Status: DYNAMIC
1 < cf-request-id: 09bc13e297000040f0d4a9c000000001
1 < Expect-CT: max-age=604800, report-uri="https://report-uri.cloudflare.com/cdn-cgi/beacon/expect-ct"
1 < Report-To: {"endpoints":[{"url":"https:\/\/a.nel.cloudflare.com\/report?s=X2kAirg38Q50VjT0xsPP8r43LmVy9HZnnIdEdEOaqxg8avNekYL9ooADvGz6Ut16quYN%2BX%2B6MQy0cBr6PaHjFyeSVPea%2BxK0AG5beyq3W%2Bmr7Ke05oKAyUC4zA%3D%3D"}],"group":"cf-nel","max_age":604800}
1 < NEL: {"max_age":604800,"report_to":"cf-nel"}
1 < Server: cloudflare
1 < CF-RAY: 647388e429e040f0-LHR
1 < alt-svc: h3-27=":443"; ma=86400, h3-28=":443"; ma=86400, h3-29=":443"; ma=86400
1 < Set-Cookie: __cfduid=de71c284081d8061fac9d31fa51a007d51619646925; Max-Age=1622238925000; Expires=Sat, 12 Jan 53428 09:32:05 GMT; Domain=productionready.io
{"user":{"createdAt":"2021-04-28T21:19:17.642Z","image":null,"bio":null,"id":166035,"email":"test@gs.com","updatedAt":"2021-04-28T21:19:17.648Z","username":"sunnyt135","token":"eyJ0eXAiOiJKV1QiLCJhbGciOiJIUzI1NiJ9.eyJpZCI6MTY2MDM1LCJ1c2VybmFtZSI6InN1bm55dDEzNSIsImV4cCI6MTYyNDgzMDkyNX0.VGaAzh3W34mQ_2je1yO-WVq5lfGcf7wR0aK1PKcTyzk"}}
22:55:26.015 [main] DEBUG com.intuit.karate - request:
2 > POST https://conduit.productionready.io/api/articles
2 > Authorization: Token eyJ0eXAiOiJKV1QiLCJhbGciOiJIUzI1NiJ9.eyJpZCI6MTY2MDM1LCJ1c2VybmFtZSI6InN1bm55dDEzNSIsImV4cCI6MTYyNDgzMDkyNX0.VGaAzh3W34mQ_2je1yO-WVq5lfGcf7wR0aK1PKcTyzk
2 > Cookie: __cfduid=de71c284081d8061fac9d31fa51a007d51619646925
2 > Content-Type: application/json; charset=UTF-8
2 > Content-Length: 104
2 > Host: conduit.productionready.io
2 > Connection: Keep-Alive
2 > User-Agent: Apache-HttpClient/4.5.13 (Java/15.0.2)
2 > Accept-Encoding: gzip,deflate
{"article":{"tagList":[],"description":"Sunny's Article","title":"MyArticle","body":"My first article"}}

22:55:26.636 [main] DEBUG com.intuit.karate - response time in milliseconds: 620
2 < 200
2 < Date: Wed, 28 Apr 2021 21:55:26 GMT
2 < Content-Type: application/json; charset=utf-8
2 < Transfer-Encoding: chunked
2 < Connection: keep-alive
2 < Cache-Control: max-age=0, private, must-revalidate
2 < ETag: W/"1cfc4615e7585a0e9757ea89f6dbc926"
2 < Status: 200 OK
2 < Vary: Origin
2 < X-Content-Type-Options: nosniff
2 < X-Frame-Options: SAMEORIGIN
2 < X-Powered-By: Phusion Passenger 4.0.60
2 < X-Request-Id: 3270ceed-5763-4687-a4e5-1c2888dc78f0
2 < X-Runtime: 0.154430
2 < X-XSS-Protection: 1; mode=block
2 < CF-Cache-Status: DYNAMIC
2 < cf-request-id: 09bc13e4de0000542156b67000000001
2 < Expect-CT: max-age=604800, report-uri="https://report-uri.cloudflare.com/cdn-cgi/beacon/expect-ct"
2 < Report-To: {"endpoints":[{"url":"https:\/\/a.nel.cloudflare.com\/report?s=6wbvNvmxNtZItsXWam%2BP0Ek8TqeUYW7kwxNlID9f%2B%2BvIWa9gavpj%2Bmq7uzP%2FSW6ml98DnRVuo5Yyy2giqmy5aWSe6v6qdyRFJ383sHQREx06R%2FpGcHoifyQnrg%3D%3D"}],"group":"cf-nel","max_age":604800}
2 < NEL: {"max_age":604800,"report_to":"cf-nel"}
2 < Server: cloudflare
2 < CF-RAY: 647388e7c84f5421-LHR
2 < alt-svc: h3-27=":443"; ma=86400, h3-28=":443"; ma=86400, h3-29=":443"; ma=86400
{"article":{"tagList":[],"createdAt":"2021-04-28T21:55:26.451Z","author":{"image":"https:\/\/static.productionready.io\/images\/smiley-cyrus.jpg","following":false,"bio":null,"username":"sunnyt135"},"description":"Sunny's Article","title":"MyArticle","body":"My first article","favoritesCount":0,"slug":"myarticle-t9pj2b","updatedAt":"2021-04-28T21:55:26.451Z","favorited":false}}
22:55:27.046 [main] INFO  com.intuit.karate - karate.env system property was: null 
22:55:27.052 [main] DEBUG com.intuit.karate - request:
1 > GET https://conduit.productionready.io/api/tags
1 > Host: conduit.productionready.io
1 > Connection: Keep-Alive
1 > User-Agent: Apache-HttpClient/4.5.13 (Java/15.0.2)
1 > Accept-Encoding: gzip,deflate


22:55:28.319 [main] DEBUG com.intuit.karate - response time in milliseconds: 1266
1 < 200
1 < Date: Wed, 28 Apr 2021 21:55:28 GMT
1 < Content-Type: application/json; charset=utf-8
1 < Transfer-Encoding: chunked
1 < Connection: keep-alive
1 < Cache-Control: max-age=0, private, must-revalidate
1 < ETag: W/"8b50c31abf934d0787d867c799d919c9"
1 < Status: 200 OK
1 < Vary: Origin
1 < X-Content-Type-Options: nosniff
1 < X-Frame-Options: SAMEORIGIN
1 < X-Powered-By: Phusion Passenger 4.0.60
1 < X-Request-Id: f0da72ce-bce8-41b3-ab63-aad7a56c457b
1 < X-Runtime: 0.826820
1 < X-XSS-Protection: 1; mode=block
1 < CF-Cache-Status: DYNAMIC
1 < cf-request-id: 09bc13e8f000000652dc8c5000000001
1 < Expect-CT: max-age=604800, report-uri="https://report-uri.cloudflare.com/cdn-cgi/beacon/expect-ct"
1 < Report-To: {"endpoints":[{"url":"https:\/\/a.nel.cloudflare.com\/report?s=7gNnDGFX6vcBu28JbZ1PEQCeZntEnJ1P7IMrw4YeriexU5rVsXwi6WYynPhuiJcLJ%2F2wQkc%2FBSpRk6IDuYImbOuOa2Qt2apKPgQchVUD%2FxoPLv2sUNV3lWa8zQ%3D%3D"}],"group":"cf-nel","max_age":604800}
1 < NEL: {"max_age":604800,"report_to":"cf-nel"}
1 < Server: cloudflare
1 < CF-RAY: 647388ee4a170652-LHR
1 < alt-svc: h3-27=":443"; ma=86400, h3-28=":443"; ma=86400, h3-29=":443"; ma=86400
1 < Set-Cookie: __cfduid=d821bf8018205097fdc4e617af83f31e71619646927; Max-Age=1622238927000; Expires=Sat, 12 Jan 53428 10:05:28 GMT; Domain=productionready.io
{"tags":["\u200C","\u200C\u200C","\u200C\u200C\u200C","\u200C\u200C\u200C\u200C","\u200C\u200C\u200C\u200C\u200C\u200C\u200C\u200C","\u200C\u200C\u200C\u200C\u200C\u200C\u200C","\u200C\u200C\u200C\u200C\u200C","\u200C\u200C\u200C\u200C\u200C\u200C","\u200C\u200C\u200C\u200C\u200C\u200C\u200C\u200C\u200C\u200C","\u200C\u200C\u200C\u200C\u200C\u200C\u200C\u200C\u200C\u200C\u200C","HuManIty","Hu\u200CMan\u200CIty","Gandhi","HITLER","SIDA","BlackLivesMatter","Black\u200CLives\u200CMatter","test","dragons","butt"]}
22:55:28.335 [main] INFO  com.intuit.karate - karate.env system property was: null 
22:55:28.348 [main] DEBUG com.intuit.karate - request:
1 > GET https://conduit.productionready.io/api/articles?offset=0&limit=10
1 > Host: conduit.productionready.io
1 > Connection: Keep-Alive
1 > User-Agent: Apache-HttpClient/4.5.13 (Java/15.0.2)
1 > Accept-Encoding: gzip,deflate


22:55:29.030 [main] DEBUG com.intuit.karate - response time in milliseconds: 681
1 < 200
1 < Date: Wed, 28 Apr 2021 21:55:28 GMT
1 < Content-Type: application/json; charset=utf-8
1 < Transfer-Encoding: chunked
1 < Connection: keep-alive
1 < cache-control: max-age=0, private, must-revalidate
1 < etag: W/"f65651f4b69453a9327e2512af92a8a7"
1 < status: 200 OK
1 < vary: Origin
1 < x-content-type-options: nosniff
1 < x-frame-options: SAMEORIGIN
1 < x-powered-by: Phusion Passenger 4.0.60
1 < x-request-id: 596aa391-3f96-4524-80a2-4312524e0c9b
1 < x-runtime: 0.160015
1 < x-xss-protection: 1; mode=block
1 < CF-Cache-Status: DYNAMIC
1 < cf-request-id: 09bc13edf70000426965bd0000000001
1 < Expect-CT: max-age=604800, report-uri="https://report-uri.cloudflare.com/cdn-cgi/beacon/expect-ct"
1 < Report-To: {"max_age":604800,"endpoints":[{"url":"https:\/\/a.nel.cloudflare.com\/report?s=oQJD%2FOLbQqzO%2FHYJmURK2Ut0MYg6FisKyX0S1Ko89iXLMglTEuluNDB9vduMfofj0mYRyNawAf5CuNobXCagdUta5GO6YTwoNVmIWB1YHGF0aG80uMF0zG8sUw%3D%3D"}],"group":"cf-nel"}
1 < NEL: {"report_to":"cf-nel","max_age":604800}
1 < Server: cloudflare
1 < CF-RAY: 647388f658304269-LHR
1 < alt-svc: h3-27=":443"; ma=86400, h3-28=":443"; ma=86400, h3-29=":443"; ma=86400
1 < Set-Cookie: __cfduid=d9bee101425762dbe71a5cf1ad2f933b21619646928; Max-Age=1622238928000; Expires=Sat, 12 Jan 53428 10:22:09 GMT; Domain=productionready.io
{"articlesCount":500,"articles":[{"tagList":[],"createdAt":"2021-04-28T21:55:26.451Z","author":{"image":"https:\/\/static.productionready.io\/images\/smiley-cyrus.jpg","following":false,"bio":null,"username":"sunnyt135"},"description":"Sunny's Article","title":"MyArticle","body":"My first article","favoritesCount":0,"slug":"myarticle-t9pj2b","updatedAt":"2021-04-28T21:55:26.451Z","favorited":false},{"tagList":[],"createdAt":"2021-04-28T21:55:07.607Z","author":{"image":"https:\/\/static.productionready.io\/images\/smiley-cyrus.jpg","following":false,"bio":null,"username":"sunnyt135"},"description":"Sunny's Article","title":"MyArticle","body":"My first article","favoritesCount":0,"slug":"myarticle-7ojwp8","updatedAt":"2021-04-28T21:55:07.607Z","favorited":false},{"tagList":[],"createdAt":"2021-04-28T21:51:40.538Z","author":{"image":"https:\/\/static.productionready.io\/images\/smiley-cyrus.jpg","following":false,"bio":null,"username":"sunnyt135"},"description":"Sunny's Article","title":"MyArticle","body":"My first article","favoritesCount":0,"slug":"myarticle-mxcsbh","updatedAt":"2021-04-28T21:51:40.538Z","favorited":false},{"tagList":[],"createdAt":"2021-04-28T21:51:36.601Z","author":{"image":"https:\/\/static.productionready.io\/images\/smiley-cyrus.jpg","following":false,"bio":null,"username":"sunnyt135"},"description":"Sunny's Article","title":"MyArticle","body":"My first article","favoritesCount":0,"slug":"myarticle-1tj4tj","updatedAt":"2021-04-28T21:51:36.601Z","favorited":false},{"tagList":[],"createdAt":"2021-04-28T21:49:47.249Z","author":{"image":"https:\/\/static.productionready.io\/images\/smiley-cyrus.jpg","following":false,"bio":null,"username":"sunnyt135"},"description":"Sunny's Article","title":"MyArticle","body":"My first article","favoritesCount":0,"slug":"myarticle-us0u9d","updatedAt":"2021-04-28T21:49:47.249Z","favorited":false},{"tagList":[],"createdAt":"2021-04-28T21:49:23.919Z","author":{"image":"https:\/\/static.productionready.io\/images\/smiley-cyrus.jpg","following":false,"bio":null,"username":"sunnyt135"},"description":"Sunny's Article","title":"MyArticle","body":"My first article","favoritesCount":0,"slug":"myarticle-7ttbhr","updatedAt":"2021-04-28T21:49:23.919Z","favorited":false},{"tagList":[],"createdAt":"2021-04-28T21:45:26.321Z","author":{"image":"https:\/\/static.productionready.io\/images\/smiley-cyrus.jpg","following":false,"bio":null,"username":"sunnyt135"},"description":"Sunny's Article","title":"MyArticle","body":"My first article","favoritesCount":0,"slug":"myarticle-z4kal4","updatedAt":"2021-04-28T21:45:26.321Z","favorited":false},{"tagList":[],"createdAt":"2021-04-28T21:42:04.039Z","author":{"image":"https:\/\/static.productionready.io\/images\/smiley-cyrus.jpg","following":false,"bio":null,"username":"sunnyt135"},"description":"Sunny's Article","title":"MyArticle","body":"My first article","favoritesCount":0,"slug":"myarticle-9awmub","updatedAt":"2021-04-28T21:42:04.039Z","favorited":false},{"tagList":[],"createdAt":"2021-04-28T21:41:52.915Z","author":{"image":"https:\/\/static.productionready.io\/images\/smiley-cyrus.jpg","following":false,"bio":null,"username":"sunnyt135"},"description":"Sunny's Article","title":"MyArticle","body":"My first article","favoritesCount":0,"slug":"myarticle-o1zbx5","updatedAt":"2021-04-28T21:41:52.915Z","favorited":false},{"tagList":[],"createdAt":"2021-04-28T21:33:56.151Z","author":{"image":"https:\/\/static.productionready.io\/images\/smiley-cyrus.jpg","following":false,"bio":null,"username":"sunnyt135"},"description":"Sunny's Article","title":"MyArticle","body":"My first article","favoritesCount":0,"slug":"myarticle-dul2o","updatedAt":"2021-04-28T21:33:56.151Z","favorited":false}]}
22:58:05.886 [main] INFO  com.intuit.karate.Runner - using system property 'karate.options': --tags ~@ignore
22:58:06.108 [main] DEBUG com.intuit.karate.Suite - [config] classpath:karate-config.js
22:58:06.654 [main] INFO  com.intuit.karate - karate.env system property was: null 
22:58:06.835 [main] DEBUG com.intuit.karate - request:
1 > GET https://conduit.productionready.io/api/tags
1 > Host: conduit.productionready.io
1 > Connection: Keep-Alive
1 > User-Agent: Apache-HttpClient/4.5.13 (Java/15.0.2)
1 > Accept-Encoding: gzip,deflate


22:58:08.332 [main] DEBUG com.intuit.karate - response time in milliseconds: 1465
1 < 200
1 < Date: Wed, 28 Apr 2021 21:58:08 GMT
1 < Content-Type: application/json; charset=utf-8
1 < Transfer-Encoding: chunked
1 < Connection: keep-alive
1 < Cache-Control: max-age=0, private, must-revalidate
1 < ETag: W/"8b50c31abf934d0787d867c799d919c9"
1 < Status: 200 OK
1 < Vary: Origin
1 < X-Content-Type-Options: nosniff
1 < X-Frame-Options: SAMEORIGIN
1 < X-Powered-By: Phusion Passenger 4.0.60
1 < X-Request-Id: 45922c2c-2a38-4d76-ae66-e00796d2f42e
1 < X-Runtime: 0.824960
1 < X-XSS-Protection: 1; mode=block
1 < CF-Cache-Status: DYNAMIC
1 < cf-request-id: 09bc1659a30000e65472937000000001
1 < Expect-CT: max-age=604800, report-uri="https://report-uri.cloudflare.com/cdn-cgi/beacon/expect-ct"
1 < Report-To: {"max_age":604800,"group":"cf-nel","endpoints":[{"url":"https:\/\/a.nel.cloudflare.com\/report?s=QdJ3M7zkHVGPKKiQu9LydjLRCixgtGzDFr3hPDe05bfjOyV7niVqi3AiUiV1AHB3QGAlF0rYaYibTY2E5Ffq3Xx%2FugVFpRLlg847yaSdAmRJRIakKSaE2xuQdg%3D%3D"}]}
1 < NEL: {"report_to":"cf-nel","max_age":604800}
1 < Server: cloudflare
1 < CF-RAY: 64738cd5d87ee654-LHR
1 < alt-svc: h3-27=":443"; ma=86400, h3-28=":443"; ma=86400, h3-29=":443"; ma=86400
1 < Set-Cookie: __cfduid=d39a1c8b87d22f9b9065e5a4112da2a171619647087; Max-Age=1622239087000; Expires=Mon, 14 Jan 53428 06:34:48 GMT; Domain=productionready.io
{"tags":["\u200C","\u200C\u200C","\u200C\u200C\u200C","\u200C\u200C\u200C\u200C","\u200C\u200C\u200C\u200C\u200C\u200C\u200C\u200C","\u200C\u200C\u200C\u200C\u200C\u200C\u200C","\u200C\u200C\u200C\u200C\u200C","\u200C\u200C\u200C\u200C\u200C\u200C","\u200C\u200C\u200C\u200C\u200C\u200C\u200C\u200C\u200C\u200C","\u200C\u200C\u200C\u200C\u200C\u200C\u200C\u200C\u200C\u200C\u200C","HuManIty","Hu\u200CMan\u200CIty","Gandhi","HITLER","SIDA","BlackLivesMatter","Black\u200CLives\u200CMatter","test","dragons","butt"]}
22:58:08.383 [main] INFO  com.intuit.karate - karate.env system property was: null 
22:58:08.396 [main] DEBUG com.intuit.karate - request:
1 > GET https://conduit.productionready.io/api/articles?offset=0&limit=10
1 > Host: conduit.productionready.io
1 > Connection: Keep-Alive
1 > User-Agent: Apache-HttpClient/4.5.13 (Java/15.0.2)
1 > Accept-Encoding: gzip,deflate


22:58:09.053 [main] DEBUG com.intuit.karate - response time in milliseconds: 655
1 < 200
1 < Date: Wed, 28 Apr 2021 21:58:08 GMT
1 < Content-Type: application/json; charset=utf-8
1 < Transfer-Encoding: chunked
1 < Connection: keep-alive
1 < Cache-Control: max-age=0, private, must-revalidate
1 < ETag: W/"cc355a6ffa8f73427023c1ee9dd72860"
1 < Status: 200 OK
1 < Vary: Origin
1 < X-Content-Type-Options: nosniff
1 < X-Frame-Options: SAMEORIGIN
1 < X-Powered-By: Phusion Passenger 4.0.60
1 < X-Request-Id: dfb1f9a4-9c4c-45a1-bfdc-5d14253bc55e
1 < X-Runtime: 0.162198
1 < X-XSS-Protection: 1; mode=block
1 < CF-Cache-Status: DYNAMIC
1 < cf-request-id: 09bc165f320000425d85394000000001
1 < Expect-CT: max-age=604800, report-uri="https://report-uri.cloudflare.com/cdn-cgi/beacon/expect-ct"
1 < Report-To: {"endpoints":[{"url":"https:\/\/a.nel.cloudflare.com\/report?s=PB2KrJjSmwH5s9JO9%2FM%2Bg3j2%2FkItiITgsjpLX7dUzGaeQVrDC1ihhZiyoLdXguImWb9tsUiWnC3GNgzGd5VF2uFs%2B%2Be%2BOPI%2FpkGvoS8Ja0f%2FUzVn9ZguOvD%2Ftg%3D%3D"}],"group":"cf-nel","max_age":604800}
1 < NEL: {"max_age":604800,"report_to":"cf-nel"}
1 < Server: cloudflare
1 < CF-RAY: 64738cdeb87b425d-LHR
1 < alt-svc: h3-27=":443"; ma=86400, h3-28=":443"; ma=86400, h3-29=":443"; ma=86400
1 < Set-Cookie: __cfduid=d3e83519a970ddc85a4d98e58ac9242b71619647088; Max-Age=1622239088000; Expires=Mon, 14 Jan 53428 06:51:29 GMT; Domain=productionready.io
{"articlesCount":500,"articles":[{"tagList":["sqd"],"createdAt":"2021-04-28T21:58:04.411Z","author":{"image":"https:\/\/static.productionready.io\/images\/smiley-cyrus.jpg","following":false,"bio":null,"username":"cococ"},"description":"sdsq","title":"sd","body":"dqsdq","favoritesCount":0,"slug":"sd-x8d04s","updatedAt":"2021-04-28T21:58:04.411Z","favorited":false},{"tagList":[],"createdAt":"2021-04-28T21:56:36.314Z","author":{"image":"https:\/\/static.productionready.io\/images\/smiley-cyrus.jpg","following":false,"bio":null,"username":"srtalaie"},"description":"Test","title":"Test","body":"Test","favoritesCount":0,"slug":"test-b1umzr","updatedAt":"2021-04-28T21:56:36.314Z","favorited":false},{"tagList":[],"createdAt":"2021-04-28T21:55:26.451Z","author":{"image":"https:\/\/static.productionready.io\/images\/smiley-cyrus.jpg","following":false,"bio":null,"username":"sunnyt135"},"description":"Sunny's Article","title":"MyArticle","body":"My first article","favoritesCount":0,"slug":"myarticle-t9pj2b","updatedAt":"2021-04-28T21:55:26.451Z","favorited":false},{"tagList":[],"createdAt":"2021-04-28T21:55:07.607Z","author":{"image":"https:\/\/static.productionready.io\/images\/smiley-cyrus.jpg","following":false,"bio":null,"username":"sunnyt135"},"description":"Sunny's Article","title":"MyArticle","body":"My first article","favoritesCount":0,"slug":"myarticle-7ojwp8","updatedAt":"2021-04-28T21:55:07.607Z","favorited":false},{"tagList":[],"createdAt":"2021-04-28T21:51:40.538Z","author":{"image":"https:\/\/static.productionready.io\/images\/smiley-cyrus.jpg","following":false,"bio":null,"username":"sunnyt135"},"description":"Sunny's Article","title":"MyArticle","body":"My first article","favoritesCount":0,"slug":"myarticle-mxcsbh","updatedAt":"2021-04-28T21:51:40.538Z","favorited":false},{"tagList":[],"createdAt":"2021-04-28T21:51:36.601Z","author":{"image":"https:\/\/static.productionready.io\/images\/smiley-cyrus.jpg","following":false,"bio":null,"username":"sunnyt135"},"description":"Sunny's Article","title":"MyArticle","body":"My first article","favoritesCount":0,"slug":"myarticle-1tj4tj","updatedAt":"2021-04-28T21:51:36.601Z","favorited":false},{"tagList":[],"createdAt":"2021-04-28T21:49:47.249Z","author":{"image":"https:\/\/static.productionready.io\/images\/smiley-cyrus.jpg","following":false,"bio":null,"username":"sunnyt135"},"description":"Sunny's Article","title":"MyArticle","body":"My first article","favoritesCount":0,"slug":"myarticle-us0u9d","updatedAt":"2021-04-28T21:49:47.249Z","favorited":false},{"tagList":[],"createdAt":"2021-04-28T21:49:23.919Z","author":{"image":"https:\/\/static.productionready.io\/images\/smiley-cyrus.jpg","following":false,"bio":null,"username":"sunnyt135"},"description":"Sunny's Article","title":"MyArticle","body":"My first article","favoritesCount":0,"slug":"myarticle-7ttbhr","updatedAt":"2021-04-28T21:49:23.919Z","favorited":false},{"tagList":[],"createdAt":"2021-04-28T21:45:26.321Z","author":{"image":"https:\/\/static.productionready.io\/images\/smiley-cyrus.jpg","following":false,"bio":null,"username":"sunnyt135"},"description":"Sunny's Article","title":"MyArticle","body":"My first article","favoritesCount":0,"slug":"myarticle-z4kal4","updatedAt":"2021-04-28T21:45:26.321Z","favorited":false},{"tagList":[],"createdAt":"2021-04-28T21:42:04.039Z","author":{"image":"https:\/\/static.productionready.io\/images\/smiley-cyrus.jpg","following":false,"bio":null,"username":"sunnyt135"},"description":"Sunny's Article","title":"MyArticle","body":"My first article","favoritesCount":0,"slug":"myarticle-9awmub","updatedAt":"2021-04-28T21:42:04.039Z","favorited":false}]}
22:58:18.702 [main] INFO  com.intuit.karate.Runner - using system property 'karate.options': --tags @debug
22:58:18.928 [main] DEBUG com.intuit.karate.Suite - [config] classpath:karate-config.js
22:58:19.415 [main] INFO  com.intuit.karate - karate.env system property was: null 
22:58:19.623 [main] DEBUG com.intuit.karate - request:
1 > POST https://conduit.productionready.io/api/users/login
1 > Content-Type: application/json; charset=UTF-8
1 > Content-Length: 54
1 > Host: conduit.productionready.io
1 > Connection: Keep-Alive
1 > User-Agent: Apache-HttpClient/4.5.13 (Java/15.0.2)
1 > Accept-Encoding: gzip,deflate
{"user":{"password":"Karate@1","email":"test@gs.com"}}

22:58:20.390 [main] DEBUG com.intuit.karate - response time in milliseconds: 762
1 < 200
1 < Date: Wed, 28 Apr 2021 21:58:20 GMT
1 < Content-Type: application/json; charset=utf-8
1 < Transfer-Encoding: chunked
1 < Connection: keep-alive
1 < Cache-Control: max-age=0, private, must-revalidate
1 < ETag: W/"2eeb1fc979e27db0560c8804730a30b9"
1 < Status: 200 OK
1 < Vary: Origin
1 < X-Content-Type-Options: nosniff
1 < X-Frame-Options: SAMEORIGIN
1 < X-Powered-By: Phusion Passenger 4.0.60
1 < X-Request-Id: 7cb449da-d781-4809-abb8-8a1c9f4b0c30
1 < X-Runtime: 0.087252
1 < X-XSS-Protection: 1; mode=block
1 < CF-Cache-Status: DYNAMIC
1 < cf-request-id: 09bc168b94000042639f21e000000001
1 < Expect-CT: max-age=604800, report-uri="https://report-uri.cloudflare.com/cdn-cgi/beacon/expect-ct"
1 < Report-To: {"endpoints":[{"url":"https:\/\/a.nel.cloudflare.com\/report?s=ppN%2FcW%2B3GZBMRcVnDHncCr0%2BxLp7Wn7tdFQKgl9xeoQIcRBihifM%2FRob%2Fw2kDecM1%2BjnJoWvU0We4Qi2ndhqyq%2F3uBYKBc4LKHnQ%2FKrZ5bjB9WqSEfNIer08tg%3D%3D"}],"group":"cf-nel","max_age":604800}
1 < NEL: {"max_age":604800,"report_to":"cf-nel"}
1 < Server: cloudflare
1 < CF-RAY: 64738d25be1a4263-LHR
1 < alt-svc: h3-27=":443"; ma=86400, h3-28=":443"; ma=86400, h3-29=":443"; ma=86400
1 < Set-Cookie: __cfduid=d66d597e2b5048b8f032be9f30bde9b611619647099; Max-Age=1622239099000; Expires=Mon, 14 Jan 53428 09:55:00 GMT; Domain=productionready.io
{"user":{"createdAt":"2021-04-28T21:19:17.642Z","image":null,"bio":null,"id":166035,"email":"test@gs.com","updatedAt":"2021-04-28T21:19:17.648Z","username":"sunnyt135","token":"eyJ0eXAiOiJKV1QiLCJhbGciOiJIUzI1NiJ9.eyJpZCI6MTY2MDM1LCJ1c2VybmFtZSI6InN1bm55dDEzNSIsImV4cCI6MTYyNDgzMTEwMH0.pr0PSqAPFzK-GfazF8r5EHJ6KDby2aF4JKNb0kXMAyc"}}
22:58:20.405 [main] DEBUG com.intuit.karate - request:
2 > POST https://conduit.productionready.io/api/articles
2 > Authorization: Token eyJ0eXAiOiJKV1QiLCJhbGciOiJIUzI1NiJ9.eyJpZCI6MTY2MDM1LCJ1c2VybmFtZSI6InN1bm55dDEzNSIsImV4cCI6MTYyNDgzMTEwMH0.pr0PSqAPFzK-GfazF8r5EHJ6KDby2aF4JKNb0kXMAyc
2 > Cookie: __cfduid=d66d597e2b5048b8f032be9f30bde9b611619647099
2 > Content-Type: application/json; charset=UTF-8
2 > Content-Length: 104
2 > Host: conduit.productionready.io
2 > Connection: Keep-Alive
2 > User-Agent: Apache-HttpClient/4.5.13 (Java/15.0.2)
2 > Accept-Encoding: gzip,deflate
{"article":{"tagList":[],"description":"Sunny's Article","title":"MyArticle","body":"My first article"}}

22:58:21.026 [main] DEBUG com.intuit.karate - response time in milliseconds: 619
2 < 200
2 < Date: Wed, 28 Apr 2021 21:58:20 GMT
2 < Content-Type: application/json; charset=utf-8
2 < Transfer-Encoding: chunked
2 < Connection: keep-alive
2 < Cache-Control: max-age=0, private, must-revalidate
2 < ETag: W/"32d522564593d64e6c81c845ca89ab9a"
2 < Status: 200 OK
2 < Vary: Origin
2 < X-Content-Type-Options: nosniff
2 < X-Frame-Options: SAMEORIGIN
2 < X-Powered-By: Phusion Passenger 4.0.60
2 < X-Request-Id: 946ded2f-2796-45e8-b430-2726118c1d25
2 < X-Runtime: 0.155851
2 < X-XSS-Protection: 1; mode=block
2 < CF-Cache-Status: DYNAMIC
2 < cf-request-id: 09bc168e160000424b7013e000000001
2 < Expect-CT: max-age=604800, report-uri="https://report-uri.cloudflare.com/cdn-cgi/beacon/expect-ct"
2 < Report-To: {"max_age":604800,"group":"cf-nel","endpoints":[{"url":"https:\/\/a.nel.cloudflare.com\/report?s=BfXdl%2FXPdgOAfbQ6GlBdly9vYY5debJ34W9TMM%2F1%2BdNujXpdxPyzdpgti%2FwmyVZJee%2BPTtV%2BZXX6js%2BQSrfqABCovOq66QBvsElw%2FuYaUBDKTw3u87I0LwsRMg%3D%3D"}]}
2 < NEL: {"max_age":604800,"report_to":"cf-nel"}
2 < Server: cloudflare
2 < CF-RAY: 64738d29bd83424b-LHR
2 < alt-svc: h3-27=":443"; ma=86400, h3-28=":443"; ma=86400, h3-29=":443"; ma=86400
{"article":{"tagList":[],"createdAt":"2021-04-28T21:58:20.868Z","author":{"image":"https:\/\/static.productionready.io\/images\/smiley-cyrus.jpg","following":false,"bio":null,"username":"sunnyt135"},"description":"Sunny's Article","title":"MyArticle","body":"My first article","favoritesCount":0,"slug":"myarticle-gamsim","updatedAt":"2021-04-28T21:58:20.868Z","favorited":false}}
22:58:21.369 [main] INFO  com.intuit.karate - karate.env system property was: null 
22:58:21.372 [main] DEBUG com.intuit.karate - request:
1 > GET https://conduit.productionready.io/api/tags
1 > Host: conduit.productionready.io
1 > Connection: Keep-Alive
1 > User-Agent: Apache-HttpClient/4.5.13 (Java/15.0.2)
1 > Accept-Encoding: gzip,deflate


22:58:22.725 [main] DEBUG com.intuit.karate - response time in milliseconds: 1352
1 < 200
1 < Date: Wed, 28 Apr 2021 21:58:22 GMT
1 < Content-Type: application/json; charset=utf-8
1 < Transfer-Encoding: chunked
1 < Connection: keep-alive
1 < Cache-Control: max-age=0, private, must-revalidate
1 < ETag: W/"8b50c31abf934d0787d867c799d919c9"
1 < Status: 200 OK
1 < Vary: Origin
1 < X-Content-Type-Options: nosniff
1 < X-Frame-Options: SAMEORIGIN
1 < X-Powered-By: Phusion Passenger 4.0.60
1 < X-Request-Id: a7b651df-70e8-4500-8a62-a3a6b7639378
1 < X-Runtime: 0.825658
1 < X-XSS-Protection: 1; mode=block
1 < CF-Cache-Status: DYNAMIC
1 < cf-request-id: 09bc1691fd0000072297b43000000001
1 < Expect-CT: max-age=604800, report-uri="https://report-uri.cloudflare.com/cdn-cgi/beacon/expect-ct"
1 < Report-To: {"max_age":604800,"endpoints":[{"url":"https:\/\/a.nel.cloudflare.com\/report?s=dqWDBSR6NQSt%2FyV%2B7EG320oKplBYt4kkJDodEuygMO11DWuDIt%2FDOzbIYC8YLRmzX4Pp3uf3GKPwyVEAd%2BWyI7%2BlC3RVeCagSrt0pQPTwf1Uzv6ajH%2FPb%2BZ0vQ%3D%3D"}],"group":"cf-nel"}
1 < NEL: {"report_to":"cf-nel","max_age":604800}
1 < Server: cloudflare
1 < CF-RAY: 64738d2ffede0722-LHR
1 < alt-svc: h3-27=":443"; ma=86400, h3-28=":443"; ma=86400, h3-29=":443"; ma=86400
1 < Set-Cookie: __cfduid=d2e3fc811e38552fb6a36c5eafef927b81619647101; Max-Age=1622239101000; Expires=Mon, 14 Jan 53428 10:28:22 GMT; Domain=productionready.io
{"tags":["\u200C","\u200C\u200C","\u200C\u200C\u200C","\u200C\u200C\u200C\u200C","\u200C\u200C\u200C\u200C\u200C\u200C\u200C\u200C","\u200C\u200C\u200C\u200C\u200C\u200C\u200C","\u200C\u200C\u200C\u200C\u200C","\u200C\u200C\u200C\u200C\u200C\u200C","\u200C\u200C\u200C\u200C\u200C\u200C\u200C\u200C\u200C\u200C","\u200C\u200C\u200C\u200C\u200C\u200C\u200C\u200C\u200C\u200C\u200C","HuManIty","Hu\u200CMan\u200CIty","Gandhi","HITLER","SIDA","BlackLivesMatter","Black\u200CLives\u200CMatter","test","dragons","butt"]}
